2010/07/22 14:15:46 Starting cygwin install, version 2.697
2010/07/22 14:15:46 io_stream_cygfile: fopen(/etc/setup/setup.rc) failed 2 No such file or directory
2010/07/22 14:15:46 io_stream_cygfile: fopen(/etc/setup/last-cache) failed 2 No such file or directory
2010/07/22 14:15:46 io_stream_cygfile: fopen(/etc/setup/last-action) failed 2 No such file or directory
2010/07/22 14:15:46 io_stream_cygfile: fopen(/etc/setup/net-method) failed 2 No such file or directory
2010/07/22 14:15:46 io_stream_cygfile: fopen(/etc/setup/net-proxy-host) failed 2 No such file or directory
2010/07/22 14:15:46 io_stream_cygfile: fopen(/etc/setup/net-proxy-port) failed 2 No such file or directory
2010/07/22 14:15:46 io_stream_cygfile: fopen(/etc/setup/last-mirror) failed 2 No such file or directory
2010/07/22 14:15:46 io_stream_cygfile: fopen(/etc/setup/extrakeys) failed 2 No such file or directory
2010/07/22 14:15:46 io_stream_cygfile: fopen(/etc/setup/chooser_window_settings) failed 2 No such file or directory
2010/07/22 14:15:46 Current Directory: C:\Windows\system32
2010/07/22 14:15:46 User has backup/restore rights
2010/07/22 14:15:46 Changing gid to Administrators
2010/07/22 14:15:46 Could not open service McShield for query, start and stop. McAfee may not be installed, or we don't have access.
2010/07/22 14:15:52 source: network install
2010/07/22 14:15:56 root: D:\cygwin binary system
2010/07/22 14:15:56 io_stream_cygfile: fopen(/etc/setup/installed.db) failed 2 No such file or directory
2010/07/22 14:16:19 root: D:\cygwin binary system
2010/07/22 14:16:41 Selected local directory: d:\cygwininstall
2010/07/22 14:16:48 net: Direct
2010/07/22 14:16:48 io_stream_cygfile: fopen(/etc/setup/mirrors-lst) failed 2 No such file or directory
2010/07/22 14:16:55 site: http://mirrors.kernel.org/sourceware/cygwin/
2010/07/22 14:17:01 io_stream_cygfile: fopen(/etc/setup/timestamp) failed 2 No such file or directory
2010/07/22 14:17:02 io_stream_cygfile: fopen(/etc/setup/new-cygwin-version) failed 2 No such file or directory
2010/07/22 14:19:04 Downloaded d:\cygwininstall/http%3a%2f%2fmirrors.kernel.org%2fsourceware%2fcygwin%2f/release/alternatives/alternatives-1.3.30c-10.tar.bz2
2010/07/22 14:19:05 Downloaded d:\cygwininstall/http%3a%2f%2fmirrors.kernel.org%2fsourceware%2fcygwin%2f/release/base-cygwin/base-cygwin-2.1-1.tar.bz2
2010/07/22 14:19:06 Downloaded d:\cygwininstall/http%3a%2f%2fmirrors.kernel.org%2fsourceware%2fcygwin%2f/release/base-files/base-files-3.9-3.tar.bz2
2010/07/22 14:19:07 Downloaded d:\cygwininstall/http%3a%2f%2fmirrors.kernel.org%2fsourceware%2fcygwin%2f/release/base-passwd/base-passwd-3.1-1.tar.bz2
2010/07/22 14:19:14 Downloaded d:\cygwininstall/http%3a%2f%2fmirrors.kernel.org%2fsourceware%2fcygwin%2f/release/bash/bash-3.2.49-23.tar.bz2
2010/07/22 14:19:49 Downloaded d:\cygwininstall/http%3a%2f%2fmirrors.kernel.org%2fsourceware%2fcygwin%2f/release/binutils/binutils-2.20.51-2.tar.bz2
2010/07/22 14:19:56 Downloaded d:\cygwininstall/http%3a%2f%2fmirrors.kernel.org%2fsourceware%2fcygwin%2f/release/bzip2/bzip2-1.0.5-10.tar.bz2
2010/07/22 14:20:16 Downloaded d:\cygwininstall/http%3a%2f%2fmirrors.kernel.org%2fsourceware%2fcygwin%2f/release/coreutils/coreutils-8.5-2.tar.bz2
2010/07/22 14:20:17 Downloaded d:\cygwininstall/http%3a%2f%2fmirrors.kernel.org%2fsourceware%2fcygwin%2f/release/crypt/crypt-1.1-1.tar.bz2
2010/07/22 14:20:19 Downloaded d:\cygwininstall/http%3a%2f%2fmirrors.kernel.org%2fsourceware%2fcygwin%2f/release/csih/csih-0.9.1-1.tar.bz2
2010/07/22 14:20:21 Downloaded d:\cygwininstall/http%3a%2f%2fmirrors.kernel.org%2fsourceware%2fcygwin%2f/release/cygrunsrv/cygrunsrv-1.34-1.tar.bz2
2010/07/22 14:20:24 Downloaded d:\cygwininstall/http%3a%2f%2fmirrors.kernel.org%2fsourceware%2fcygwin%2f/release/cygutils/cygutils-1.4.2-1.tar.bz2
2010/07/22 14:20:34 Downloaded d:\cygwininstall/http%3a%2f%2fmirrors.kernel.org%2fsourceware%2fcygwin%2f/release/cygwin/cygwin-1.7.5-1.tar.bz2
2010/07/22 14:20:39 Downloaded d:\cygwininstall/http%3a%2f%2fmirrors.kernel.org%2fsourceware%2fcygwin%2f/release/cygwin-doc/cygwin-doc-1.7-1.tar.bz2
2010/07/22 14:20:41 Downloaded d:\cygwininstall/http%3a%2f%2fmirrors.kernel.org%2fsourceware%2fcygwin%2f/release/dash/dash-0.5.6.1-2.tar.bz2
2010/07/22 14:20:45 Downloaded d:\cygwininstall/http%3a%2f%2fmirrors.kernel.org%2fsourceware%2fcygwin%2f/release/diffutils/diffutils-2.9-1.tar.bz2
2010/07/22 14:20:47 Downloaded d:\cygwininstall/http%3a%2f%2fmirrors.kernel.org%2fsourceware%2fcygwin%2f/release/editrights/editrights-1.01-2.tar.bz2
2010/07/22 14:20:54 Downloaded d:\cygwininstall/http%3a%2f%2fmirrors.kernel.org%2fsourceware%2fcygwin%2f/release/findutils/findutils-4.5.9-1.tar.bz2
2010/07/22 14:21:00 Downloaded d:\cygwininstall/http%3a%2f%2fmirrors.kernel.org%2fsourceware%2fcygwin%2f/release/gawk/gawk-3.1.8-1.tar.bz2
2010/07/22 14:21:01 Downloaded d:\cygwininstall/http%3a%2f%2fmirrors.kernel.org%2fsourceware%2fcygwin%2f/release/gcc/gcc-3.4.4-999.tar.bz2
2010/07/22 14:21:21 Downloaded d:\cygwininstall/http%3a%2f%2fmirrors.kernel.org%2fsourceware%2fcygwin%2f/release/gcc/gcc-core/gcc-core-3.4.4-999.tar.bz2
2010/07/22 14:22:01 Downloaded d:\cygwininstall/http%3a%2f%2fmirrors.kernel.org%2fsourceware%2fcygwin%2f/release/gcc/gcc-g++/gcc-g++-3.4.4-999.tar.bz2
2010/07/22 14:22:03 Downloaded d:\cygwininstall/http%3a%2f%2fmirrors.kernel.org%2fsourceware%2fcygwin%2f/release/gcc-mingw/gcc-mingw-core/gcc-mingw-core-20050522-1.tar.bz2
2010/07/22 14:22:14 Downloaded d:\cygwininstall/http%3a%2f%2fmirrors.kernel.org%2fsourceware%2fcygwin%2f/release/gcc-mingw/gcc-mingw-g++/gcc-mingw-g++-20050522-1.tar.bz2
2010/07/22 14:22:41 Downloaded d:\cygwininstall/http%3a%2f%2fmirrors.kernel.org%2fsourceware%2fcygwin%2f/release/gdb/gdb-6.8-2.tar.bz2
2010/07/22 14:22:44 Downloaded d:\cygwininstall/http%3a%2f%2fmirrors.kernel.org%2fsourceware%2fcygwin%2f/release/gettext/gettext-0.17-11.tar.bz2
2010/07/22 14:22:47 Downloaded d:\cygwininstall/http%3a%2f%2fmirrors.kernel.org%2fsourceware%2fcygwin%2f/release/grep/grep-2.6.3-1.tar.bz2
2010/07/22 14:23:11 Downloaded d:\cygwininstall/http%3a%2f%2fmirrors.kernel.org%2fsourceware%2fcygwin%2f/release/groff/groff-1.20.1-2.tar.bz2
2010/07/22 14:23:13 Downloaded d:\cygwininstall/http%3a%2f%2fmirrors.kernel.org%2fsourceware%2fcygwin%2f/release/gzip/gzip-1.3.12-2.tar.bz2
2010/07/22 14:23:14 Downloaded d:\cygwininstall/http%3a%2f%2fmirrors.kernel.org%2fsourceware%2fcygwin%2f/release/ipc-utils/ipc-utils-1.0-1.tar.bz2
2010/07/22 14:23:16 Downloaded d:\cygwininstall/http%3a%2f%2fmirrors.kernel.org%2fsourceware%2fcygwin%2f/release/less/less-436-1.tar.bz2
2010/07/22 14:23:17 Downloaded d:\cygwininstall/http%3a%2f%2fmirrors.kernel.org%2fsourceware%2fcygwin%2f/release/attr/libattr1/libattr1-2.4.43-1.tar.bz2
2010/07/22 14:23:18 Downloaded d:\cygwininstall/http%3a%2f%2fmirrors.kernel.org%2fsourceware%2fcygwin%2f/release/bzip2/libbz2_1/libbz2_1-1.0.5-10.tar.bz2
2010/07/22 14:23:21 Downloaded d:\cygwininstall/http%3a%2f%2fmirrors.kernel.org%2fsourceware%2fcygwin%2f/release/libedit/libedit0/libedit0-20090923-1.tar.bz2
2010/07/22 14:23:22 Downloaded d:\cygwininstall/http%3a%2f%2fmirrors.kernel.org%2fsourceware%2fcygwin%2f/release/gcc4/libgcc1/libgcc1-4.3.4-3.tar.bz2
2010/07/22 14:23:25 Downloaded d:\cygwininstall/http%3a%2f%2fmirrors.kernel.org%2fsourceware%2fcygwin%2f/release/gmp/libgmp3/libgmp3-4.3.1-3.tar.bz2
2010/07/22 14:23:30 Downloaded d:\cygwininstall/http%3a%2f%2fmirrors.kernel.org%2fsourceware%2fcygwin%2f/release/libiconv/libiconv2/libiconv2-1.13.1-1.tar.bz2
2010/07/22 14:23:31 Downloaded d:\cygwininstall/http%3a%2f%2fmirrors.kernel.org%2fsourceware%2fcygwin%2f/release/gettext/libintl3/libintl3-0.14.5-1.tar.bz2
2010/07/22 14:23:32 Downloaded d:\cygwininstall/http%3a%2f%2fmirrors.kernel.org%2fsourceware%2fcygwin%2f/release/gettext/libintl8/libintl8-0.17-11.tar.bz2
2010/07/22 14:23:35 Downloaded d:\cygwininstall/http%3a%2f%2fmirrors.kernel.org%2fsourceware%2fcygwin%2f/release/xz/liblzma1/liblzma1-4.999.9beta-11.tar.bz2
2010/07/22 14:23:37 Downloaded d:\cygwininstall/http%3a%2f%2fmirrors.kernel.org%2fsourceware%2fcygwin%2f/release/ncurses/libncurses10/libncurses10-5.7-18.tar.bz2
2010/07/22 14:23:39 Downloaded d:\cygwininstall/http%3a%2f%2fmirrors.kernel.org%2fsourceware%2fcygwin%2f/release/ncurses/libncurses8/libncurses8-5.5-10.tar.bz2
2010/07/22 14:23:42 Downloaded d:\cygwininstall/http%3a%2f%2fmirrors.kernel.org%2fsourceware%2fcygwin%2f/release/ncurses/libncurses9/libncurses9-5.7-16.tar.bz2
2010/07/22 14:23:47 Downloaded d:\cygwininstall/http%3a%2f%2fmirrors.kernel.org%2fsourceware%2fcygwin%2f/release/openssl/libopenssl098/libopenssl098-0.9.8o-2.tar.bz2
2010/07/22 14:23:49 Downloaded d:\cygwininstall/http%3a%2f%2fmirrors.kernel.org%2fsourceware%2fcygwin%2f/release/pcre/libpcre0/libpcre0-8.02-1.tar.bz2
2010/07/22 14:23:50 Downloaded d:\cygwininstall/http%3a%2f%2fmirrors.kernel.org%2fsourceware%2fcygwin%2f/release/popt/libpopt0/libpopt0-1.6.4-4.tar.bz2
2010/07/22 14:23:52 Downloaded d:\cygwininstall/http%3a%2f%2fmirrors.kernel.org%2fsourceware%2fcygwin%2f/release/readline/libreadline7/libreadline7-6.0.3-2.tar.bz2
2010/07/22 14:23:53 Downloaded d:\cygwininstall/http%3a%2f%2fmirrors.kernel.org%2fsourceware%2fcygwin%2f/release/libsigsegv/libsigsegv2/libsigsegv2-2.8-1.tar.bz2
2010/07/22 14:23:53 Downloaded d:\cygwininstall/http%3a%2f%2fmirrors.kernel.org%2fsourceware%2fcygwin%2f/release/gcc4/libssp0/libssp0-4.3.4-3.tar.bz2
2010/07/22 14:23:56 Downloaded d:\cygwininstall/http%3a%2f%2fmirrors.kernel.org%2fsourceware%2fcygwin%2f/release/gcc4/libstdc++6/libstdc++6-4.3.4-3.tar.bz2
2010/07/22 14:23:57 Downloaded d:\cygwininstall/http%3a%2f%2fmirrors.kernel.org%2fsourceware%2fcygwin%2f/release/tcp_wrappers/libwrap0/libwrap0-7.6-21.tar.bz2
2010/07/22 14:23:58 Downloaded d:\cygwininstall/http%3a%2f%2fmirrors.kernel.org%2fsourceware%2fcygwin%2f/release/login/login-1.10-10.tar.bz2
2010/07/22 14:24:04 Downloaded d:\cygwininstall/http%3a%2f%2fmirrors.kernel.org%2fsourceware%2fcygwin%2f/release/make/make-3.81-2.tar.bz2
2010/07/22 14:24:07 Downloaded d:\cygwininstall/http%3a%2f%2fmirrors.kernel.org%2fsourceware%2fcygwin%2f/release/man/man-1.6f-1.tar.bz2
2010/07/22 14:24:12 Downloaded d:\cygwininstall/http%3a%2f%2fmirrors.kernel.org%2fsourceware%2fcygwin%2f/release/mingw-runtime/mingw-runtime-3.18-1.tar.bz2
2010/07/22 14:24:17 Downloaded d:\cygwininstall/http%3a%2f%2fmirrors.kernel.org%2fsourceware%2fcygwin%2f/release/nano/nano-2.0.9-1.tar.bz2
2010/07/22 14:24:24 Downloaded d:\cygwininstall/http%3a%2f%2fmirrors.kernel.org%2fsourceware%2fcygwin%2f/release/openssh/openssh-5.5p1-2.tar.bz2
2010/07/22 14:24:26 Downloaded d:\cygwininstall/http%3a%2f%2fmirrors.kernel.org%2fsourceware%2fcygwin%2f/release/rebase/rebase-3.0.1-1.tar.bz2
2010/07/22 14:24:28 Downloaded d:\cygwininstall/http%3a%2f%2fmirrors.kernel.org%2fsourceware%2fcygwin%2f/release/run/run-1.1.12-11.tar.bz2
2010/07/22 14:24:30 Downloaded d:\cygwininstall/http%3a%2f%2fmirrors.kernel.org%2fsourceware%2fcygwin%2f/release/sed/sed-4.2.1-1.tar.bz2
2010/07/22 14:24:37 Downloaded d:\cygwininstall/http%3a%2f%2fmirrors.kernel.org%2fsourceware%2fcygwin%2f/release/tar/tar-1.23-1.tar.bz2
2010/07/22 14:24:54 Downloaded d:\cygwininstall/http%3a%2f%2fmirrors.kernel.org%2fsourceware%2fcygwin%2f/release/tcltk/tcltk-20080420-1.tar.bz2
2010/07/22 14:24:55 Downloaded d:\cygwininstall/http%3a%2f%2fmirrors.kernel.org%2fsourceware%2fcygwin%2f/release/terminfo/terminfo-5.7_20091114-14.tar.bz2
2010/07/22 14:24:56 Downloaded d:\cygwininstall/http%3a%2f%2fmirrors.kernel.org%2fsourceware%2fcygwin%2f/release/terminfo/terminfo0/terminfo0-5.5_20061104-12.tar.bz2
2010/07/22 14:25:02 Downloaded d:\cygwininstall/http%3a%2f%2fmirrors.kernel.org%2fsourceware%2fcygwin%2f/release/texinfo/texinfo-4.13-3.tar.bz2
2010/07/22 14:25:07 Downloaded d:\cygwininstall/http%3a%2f%2fmirrors.kernel.org%2fsourceware%2fcygwin%2f/release/tzcode/tzcode-2010j-1.tar.bz2
2010/07/22 14:25:35 Downloaded d:\cygwininstall/http%3a%2f%2fmirrors.kernel.org%2fsourceware%2fcygwin%2f/release/vim/vim-7.2.264-2.tar.bz2
2010/07/22 14:25:42 Downloaded d:\cygwininstall/http%3a%2f%2fmirrors.kernel.org%2fsourceware%2fcygwin%2f/release/w32api/w32api-3.14-1.tar.bz2
2010/07/22 14:25:43 Downloaded d:\cygwininstall/http%3a%2f%2fmirrors.kernel.org%2fsourceware%2fcygwin%2f/release/which/which-2.20-2.tar.bz2
2010/07/22 14:25:45 Downloaded d:\cygwininstall/http%3a%2f%2fmirrors.kernel.org%2fsourceware%2fcygwin%2f/release/xz/xz-4.999.9beta-11.tar.bz2
2010/07/22 14:25:47 Downloaded d:\cygwininstall/http%3a%2f%2fmirrors.kernel.org%2fsourceware%2fcygwin%2f/release/zlib/zlib-1.2.3-10.tar.bz2
2010/07/22 14:25:48 Downloaded d:\cygwininstall/http%3a%2f%2fmirrors.kernel.org%2fsourceware%2fcygwin%2f/release/zlib/zlib-devel/zlib-devel-1.2.3-10.tar.bz2
2010/07/22 14:25:50 Downloaded d:\cygwininstall/http%3a%2f%2fmirrors.kernel.org%2fsourceware%2fcygwin%2f/release/zlib/zlib0/zlib0-1.2.3-10.tar.bz2
2010/07/22 14:25:50 Downloaded d:\cygwininstall/http%3a%2f%2fmirrors.kernel.org%2fsourceware%2fcygwin%2f/release/_update-info-dir/_update-info-dir-00909-1.tar.bz2
2010/07/22 14:25:52 Extracting from file://d:\cygwininstall/http%3a%2f%2fmirrors.kernel.org%2fsourceware%2fcygwin%2f/release/alternatives/alternatives-1.3.30c-10.tar.bz2
2010/07/22 14:25:53 Extracting from file://d:\cygwininstall/http%3a%2f%2fmirrors.kernel.org%2fsourceware%2fcygwin%2f/release/base-cygwin/base-cygwin-2.1-1.tar.bz2
2010/07/22 14:25:53 Extracting from file://d:\cygwininstall/http%3a%2f%2fmirrors.kernel.org%2fsourceware%2fcygwin%2f/release/base-files/base-files-3.9-3.tar.bz2
2010/07/22 14:25:54 Extracting from file://d:\cygwininstall/http%3a%2f%2fmirrors.kernel.org%2fsourceware%2fcygwin%2f/release/base-passwd/base-passwd-3.1-1.tar.bz2
2010/07/22 14:25:54 Extracting from file://d:\cygwininstall/http%3a%2f%2fmirrors.kernel.org%2fsourceware%2fcygwin%2f/release/bash/bash-3.2.49-23.tar.bz2
2010/07/22 14:25:56 Extracting from file://d:\cygwininstall/http%3a%2f%2fmirrors.kernel.org%2fsourceware%2fcygwin%2f/release/binutils/binutils-2.20.51-2.tar.bz2
2010/07/22 14:26:05 Extracting from file://d:\cygwininstall/http%3a%2f%2fmirrors.kernel.org%2fsourceware%2fcygwin%2f/release/bzip2/bzip2-1.0.5-10.tar.bz2
2010/07/22 14:26:05 Extracting from file://d:\cygwininstall/http%3a%2f%2fmirrors.kernel.org%2fsourceware%2fcygwin%2f/release/coreutils/coreutils-8.5-2.tar.bz2
2010/07/22 14:26:17 Extracting from file://d:\cygwininstall/http%3a%2f%2fmirrors.kernel.org%2fsourceware%2fcygwin%2f/release/crypt/crypt-1.1-1.tar.bz2
2010/07/22 14:26:17 Extracting from file://d:\cygwininstall/http%3a%2f%2fmirrors.kernel.org%2fsourceware%2fcygwin%2f/release/csih/csih-0.9.1-1.tar.bz2
2010/07/22 14:26:18 Extracting from file://d:\cygwininstall/http%3a%2f%2fmirrors.kernel.org%2fsourceware%2fcygwin%2f/release/cygrunsrv/cygrunsrv-1.34-1.tar.bz2
2010/07/22 14:26:18 Extracting from file://d:\cygwininstall/http%3a%2f%2fmirrors.kernel.org%2fsourceware%2fcygwin%2f/release/cygutils/cygutils-1.4.2-1.tar.bz2
2010/07/22 14:26:19 Extracting from file://d:\cygwininstall/http%3a%2f%2fmirrors.kernel.org%2fsourceware%2fcygwin%2f/release/cygwin/cygwin-1.7.5-1.tar.bz2
2010/07/22 14:26:22 Extracting from file://d:\cygwininstall/http%3a%2f%2fmirrors.kernel.org%2fsourceware%2fcygwin%2f/release/cygwin-doc/cygwin-doc-1.7-1.tar.bz2
2010/07/22 14:26:28 Extracting from file://d:\cygwininstall/http%3a%2f%2fmirrors.kernel.org%2fsourceware%2fcygwin%2f/release/dash/dash-0.5.6.1-2.tar.bz2
2010/07/22 14:26:28 Extracting from file://d:\cygwininstall/http%3a%2f%2fmirrors.kernel.org%2fsourceware%2fcygwin%2f/release/diffutils/diffutils-2.9-1.tar.bz2
2010/07/22 14:26:29 Extracting from file://d:\cygwininstall/http%3a%2f%2fmirrors.kernel.org%2fsourceware%2fcygwin%2f/release/editrights/editrights-1.01-2.tar.bz2
2010/07/22 14:26:29 Extracting from file://d:\cygwininstall/http%3a%2f%2fmirrors.kernel.org%2fsourceware%2fcygwin%2f/release/findutils/findutils-4.5.9-1.tar.bz2
2010/07/22 14:26:31 Extracting from file://d:\cygwininstall/http%3a%2f%2fmirrors.kernel.org%2fsourceware%2fcygwin%2f/release/gawk/gawk-3.1.8-1.tar.bz2
2010/07/22 14:26:32 Extracting from file://d:\cygwininstall/http%3a%2f%2fmirrors.kernel.org%2fsourceware%2fcygwin%2f/release/gcc/gcc-core/gcc-core-3.4.4-999.tar.bz2
2010/07/22 14:26:35 Extracting from file://d:\cygwininstall/http%3a%2f%2fmirrors.kernel.org%2fsourceware%2fcygwin%2f/release/gcc/gcc-g++/gcc-g++-3.4.4-999.tar.bz2
2010/07/22 14:26:41 Extracting from file://d:\cygwininstall/http%3a%2f%2fmirrors.kernel.org%2fsourceware%2fcygwin%2f/release/gcc-mingw/gcc-mingw-core/gcc-mingw-core-20050522-1.tar.bz2
2010/07/22 14:26:41 Extracting from file://d:\cygwininstall/http%3a%2f%2fmirrors.kernel.org%2fsourceware%2fcygwin%2f/release/gcc-mingw/gcc-mingw-g++/gcc-mingw-g++-20050522-1.tar.bz2
2010/07/22 14:26:42 Extracting from file://d:\cygwininstall/http%3a%2f%2fmirrors.kernel.org%2fsourceware%2fcygwin%2f/release/gdb/gdb-6.8-2.tar.bz2
2010/07/22 14:26:50 Extracting from file://d:\cygwininstall/http%3a%2f%2fmirrors.kernel.org%2fsourceware%2fcygwin%2f/release/gettext/gettext-0.17-11.tar.bz2
2010/07/22 14:26:51 Extracting from file://d:\cygwininstall/http%3a%2f%2fmirrors.kernel.org%2fsourceware%2fcygwin%2f/release/grep/grep-2.6.3-1.tar.bz2
2010/07/22 14:26:53 Extracting from file://d:\cygwininstall/http%3a%2f%2fmirrors.kernel.org%2fsourceware%2fcygwin%2f/release/groff/groff-1.20.1-2.tar.bz2
2010/07/22 14:27:04 Extracting from file://d:\cygwininstall/http%3a%2f%2fmirrors.kernel.org%2fsourceware%2fcygwin%2f/release/gzip/gzip-1.3.12-2.tar.bz2
2010/07/22 14:27:04 Extracting from file://d:\cygwininstall/http%3a%2f%2fmirrors.kernel.org%2fsourceware%2fcygwin%2f/release/ipc-utils/ipc-utils-1.0-1.tar.bz2
2010/07/22 14:27:04 Extracting from file://d:\cygwininstall/http%3a%2f%2fmirrors.kernel.org%2fsourceware%2fcygwin%2f/release/less/less-436-1.tar.bz2
2010/07/22 14:27:04 Extracting from file://d:\cygwininstall/http%3a%2f%2fmirrors.kernel.org%2fsourceware%2fcygwin%2f/release/attr/libattr1/libattr1-2.4.43-1.tar.bz2
2010/07/22 14:27:04 Extracting from file://d:\cygwininstall/http%3a%2f%2fmirrors.kernel.org%2fsourceware%2fcygwin%2f/release/bzip2/libbz2_1/libbz2_1-1.0.5-10.tar.bz2
2010/07/22 14:27:04 Extracting from file://d:\cygwininstall/http%3a%2f%2fmirrors.kernel.org%2fsourceware%2fcygwin%2f/release/libedit/libedit0/libedit0-20090923-1.tar.bz2
2010/07/22 14:27:04 Extracting from file://d:\cygwininstall/http%3a%2f%2fmirrors.kernel.org%2fsourceware%2fcygwin%2f/release/gcc4/libgcc1/libgcc1-4.3.4-3.tar.bz2
2010/07/22 14:27:04 Extracting from file://d:\cygwininstall/http%3a%2f%2fmirrors.kernel.org%2fsourceware%2fcygwin%2f/release/gmp/libgmp3/libgmp3-4.3.1-3.tar.bz2
2010/07/22 14:27:05 Extracting from file://d:\cygwininstall/http%3a%2f%2fmirrors.kernel.org%2fsourceware%2fcygwin%2f/release/libiconv/libiconv2/libiconv2-1.13.1-1.tar.bz2
2010/07/22 14:27:05 Extracting from file://d:\cygwininstall/http%3a%2f%2fmirrors.kernel.org%2fsourceware%2fcygwin%2f/release/gettext/libintl3/libintl3-0.14.5-1.tar.bz2
2010/07/22 14:27:05 Extracting from file://d:\cygwininstall/http%3a%2f%2fmirrors.kernel.org%2fsourceware%2fcygwin%2f/release/gettext/libintl8/libintl8-0.17-11.tar.bz2
2010/07/22 14:27:05 Extracting from file://d:\cygwininstall/http%3a%2f%2fmirrors.kernel.org%2fsourceware%2fcygwin%2f/release/xz/liblzma1/liblzma1-4.999.9beta-11.tar.bz2
2010/07/22 14:27:05 Extracting from file://d:\cygwininstall/http%3a%2f%2fmirrors.kernel.org%2fsourceware%2fcygwin%2f/release/ncurses/libncurses10/libncurses10-5.7-18.tar.bz2
2010/07/22 14:27:05 Extracting from file://d:\cygwininstall/http%3a%2f%2fmirrors.kernel.org%2fsourceware%2fcygwin%2f/release/ncurses/libncurses8/libncurses8-5.5-10.tar.bz2
2010/07/22 14:27:05 Extracting from file://d:\cygwininstall/http%3a%2f%2fmirrors.kernel.org%2fsourceware%2fcygwin%2f/release/ncurses/libncurses9/libncurses9-5.7-16.tar.bz2
2010/07/22 14:27:05 Extracting from file://d:\cygwininstall/http%3a%2f%2fmirrors.kernel.org%2fsourceware%2fcygwin%2f/release/openssl/libopenssl098/libopenssl098-0.9.8o-2.tar.bz2
2010/07/22 14:27:05 Extracting from file://d:\cygwininstall/http%3a%2f%2fmirrors.kernel.org%2fsourceware%2fcygwin%2f/release/pcre/libpcre0/libpcre0-8.02-1.tar.bz2
2010/07/22 14:27:05 Extracting from file://d:\cygwininstall/http%3a%2f%2fmirrors.kernel.org%2fsourceware%2fcygwin%2f/release/popt/libpopt0/libpopt0-1.6.4-4.tar.bz2
2010/07/22 14:27:05 Extracting from file://d:\cygwininstall/http%3a%2f%2fmirrors.kernel.org%2fsourceware%2fcygwin%2f/release/readline/libreadline7/libreadline7-6.0.3-2.tar.bz2
2010/07/22 14:27:06 Extracting from file://d:\cygwininstall/http%3a%2f%2fmirrors.kernel.org%2fsourceware%2fcygwin%2f/release/libsigsegv/libsigsegv2/libsigsegv2-2.8-1.tar.bz2
2010/07/22 14:27:06 Extracting from file://d:\cygwininstall/http%3a%2f%2fmirrors.kernel.org%2fsourceware%2fcygwin%2f/release/gcc4/libssp0/libssp0-4.3.4-3.tar.bz2
2010/07/22 14:27:06 Extracting from file://d:\cygwininstall/http%3a%2f%2fmirrors.kernel.org%2fsourceware%2fcygwin%2f/release/gcc4/libstdc++6/libstdc++6-4.3.4-3.tar.bz2
2010/07/22 14:27:06 Extracting from file://d:\cygwininstall/http%3a%2f%2fmirrors.kernel.org%2fsourceware%2fcygwin%2f/release/tcp_wrappers/libwrap0/libwrap0-7.6-21.tar.bz2
2010/07/22 14:27:06 Extracting from file://d:\cygwininstall/http%3a%2f%2fmirrors.kernel.org%2fsourceware%2fcygwin%2f/release/login/login-1.10-10.tar.bz2
2010/07/22 14:27:06 Extracting from file://d:\cygwininstall/http%3a%2f%2fmirrors.kernel.org%2fsourceware%2fcygwin%2f/release/make/make-3.81-2.tar.bz2
2010/07/22 14:27:07 Extracting from file://d:\cygwininstall/http%3a%2f%2fmirrors.kernel.org%2fsourceware%2fcygwin%2f/release/man/man-1.6f-1.tar.bz2
2010/07/22 14:27:08 Extracting from file://d:\cygwininstall/http%3a%2f%2fmirrors.kernel.org%2fsourceware%2fcygwin%2f/release/mingw-runtime/mingw-runtime-3.18-1.tar.bz2
2010/07/22 14:27:09 Extracting from file://d:\cygwininstall/http%3a%2f%2fmirrors.kernel.org%2fsourceware%2fcygwin%2f/release/nano/nano-2.0.9-1.tar.bz2
2010/07/22 14:27:10 Extracting from file://d:\cygwininstall/http%3a%2f%2fmirrors.kernel.org%2fsourceware%2fcygwin%2f/release/openssh/openssh-5.5p1-2.tar.bz2
2010/07/22 14:27:14 Extracting from file://d:\cygwininstall/http%3a%2f%2fmirrors.kernel.org%2fsourceware%2fcygwin%2f/release/rebase/rebase-3.0.1-1.tar.bz2
2010/07/22 14:27:14 Extracting from file://d:\cygwininstall/http%3a%2f%2fmirrors.kernel.org%2fsourceware%2fcygwin%2f/release/run/run-1.1.12-11.tar.bz2
2010/07/22 14:27:14 Extracting from file://d:\cygwininstall/http%3a%2f%2fmirrors.kernel.org%2fsourceware%2fcygwin%2f/release/sed/sed-4.2.1-1.tar.bz2
2010/07/22 14:27:15 Extracting from file://d:\cygwininstall/http%3a%2f%2fmirrors.kernel.org%2fsourceware%2fcygwin%2f/release/tar/tar-1.23-1.tar.bz2
2010/07/22 14:27:17 Extracting from file://d:\cygwininstall/http%3a%2f%2fmirrors.kernel.org%2fsourceware%2fcygwin%2f/release/tcltk/tcltk-20080420-1.tar.bz2
2010/07/22 14:27:22 Extracting from file://d:\cygwininstall/http%3a%2f%2fmirrors.kernel.org%2fsourceware%2fcygwin%2f/release/terminfo/terminfo-5.7_20091114-14.tar.bz2
2010/07/22 14:27:23 Extracting from file://d:\cygwininstall/http%3a%2f%2fmirrors.kernel.org%2fsourceware%2fcygwin%2f/release/terminfo/terminfo0/terminfo0-5.5_20061104-12.tar.bz2
2010/07/22 14:27:24 Extracting from file://d:\cygwininstall/http%3a%2f%2fmirrors.kernel.org%2fsourceware%2fcygwin%2f/release/texinfo/texinfo-4.13-3.tar.bz2
2010/07/22 14:27:26 Extracting from file://d:\cygwininstall/http%3a%2f%2fmirrors.kernel.org%2fsourceware%2fcygwin%2f/release/tzcode/tzcode-2010j-1.tar.bz2
2010/07/22 14:27:36 Extracting from file://d:\cygwininstall/http%3a%2f%2fmirrors.kernel.org%2fsourceware%2fcygwin%2f/release/vim/vim-7.2.264-2.tar.bz2
2010/07/22 14:27:51 Extracting from file://d:\cygwininstall/http%3a%2f%2fmirrors.kernel.org%2fsourceware%2fcygwin%2f/release/w32api/w32api-3.14-1.tar.bz2
2010/07/22 14:27:56 Extracting from file://d:\cygwininstall/http%3a%2f%2fmirrors.kernel.org%2fsourceware%2fcygwin%2f/release/which/which-2.20-2.tar.bz2
2010/07/22 14:27:56 Extracting from file://d:\cygwininstall/http%3a%2f%2fmirrors.kernel.org%2fsourceware%2fcygwin%2f/release/xz/xz-4.999.9beta-11.tar.bz2
2010/07/22 14:27:57 Extracting from file://d:\cygwininstall/http%3a%2f%2fmirrors.kernel.org%2fsourceware%2fcygwin%2f/release/zlib/zlib-1.2.3-10.tar.bz2
2010/07/22 14:27:57 Extracting from file://d:\cygwininstall/http%3a%2f%2fmirrors.kernel.org%2fsourceware%2fcygwin%2f/release/zlib/zlib-devel/zlib-devel-1.2.3-10.tar.bz2
2010/07/22 14:27:57 Extracting from file://d:\cygwininstall/http%3a%2f%2fmirrors.kernel.org%2fsourceware%2fcygwin%2f/release/zlib/zlib0/zlib0-1.2.3-10.tar.bz2
2010/07/22 14:27:57 Extracting from file://d:\cygwininstall/http%3a%2f%2fmirrors.kernel.org%2fsourceware%2fcygwin%2f/release/_update-info-dir/_update-info-dir-00909-1.tar.bz2
2010/07/22 14:27:57 Changing gid back to original
2010/07/22 14:27:57 running: D:\cygwin\bin\bash.exe --norc --noprofile /etc/postinstall/000-cygwin-post-install.sh
2010/07/22 14:27:59 running: D:\cygwin\bin\bash.exe --norc --noprofile /etc/postinstall/passwd-grp.sh
2010/07/22 14:28:01 running: D:\cygwin\bin\bash.exe --norc --noprofile /etc/postinstall/terminfo0.sh
2010/07/22 14:28:10 running: D:\cygwin\bin\bash.exe --norc --noprofile /etc/postinstall/update-info-dir.sh
2010/07/22 14:28:24 running: D:\cygwin\bin\bash.exe --norc --noprofile /etc/postinstall/coreutils.sh
2010/07/22 14:28:24 running: D:\cygwin\bin\bash.exe --norc --noprofile /etc/postinstall/terminfo.sh
2010/07/22 14:28:33 running: D:\cygwin\bin\bash.exe --norc --noprofile /etc/postinstall/bash.sh
2010/07/22 14:28:35 running: D:\cygwin\bin\bash.exe --norc --noprofile /etc/postinstall/base-files-profile.sh
2010/07/22 14:28:39 running: D:\cygwin\bin\bash.exe --norc --noprofile /etc/postinstall/base-files-mketc.sh
2010/07/22 14:28:40 running: D:\cygwin\bin\bash.exe --norc --noprofile /etc/postinstall/man.sh
2010/07/22 14:28:40 running: D:\cygwin\bin\bash.exe --norc --noprofile /etc/postinstall/gcc-mingw-core.sh
2010/07/22 14:28:41 running: D:\cygwin\bin\bash.exe --norc --noprofile /etc/postinstall/gcc.sh
2010/07/22 14:28:42 running: D:\cygwin\bin\bash.exe --norc --noprofile /etc/postinstall/gcc-mingw-g++.sh
2010/07/22 14:28:44 running: D:\cygwin\bin\bash.exe --norc --noprofile /etc/postinstall/gcc-g++.sh
2010/07/22 14:28:44 running: D:\cygwin\bin\bash.exe --norc --noprofile /etc/postinstall/vim.sh
2010/07/22 14:28:44 Changing gid to Administrators
2010/07/22 14:32:58 note: Installation Complete
2010/07/22 14:32:58 Ending cygwin install
2010/08/06 18:36:10 Starting cygwin install, version 2.708
2010/08/06 18:36:10 io_stream_cygfile: fopen(/etc/setup/net-proxy-host) failed 2 No such file or directory
2010/08/06 18:36:10 io_stream_cygfile: fopen(/etc/setup/net-proxy-port) failed 2 No such file or directory
2010/08/06 18:36:10 io_stream_cygfile: fopen(/etc/setup/extrakeys) failed 2 No such file or directory
2010/08/06 18:36:10 io_stream_cygfile: fopen(/etc/setup/chooser_window_settings) failed 2 No such file or directory
2010/08/06 18:36:10 Current Directory: d:\cygwininstall
2010/08/06 18:36:10 User has backup/restore rights
2010/08/06 18:36:10 Changing gid to Administrators
2010/08/06 18:36:10 Could not open service McShield for query, start and stop. McAfee may not be installed, or we don't have access.
2010/08/06 18:36:19 source: network install
2010/08/06 18:36:20 root: D:\cygwin binary system
2010/08/06 18:36:21 Selected local directory: d:\cygwininstall
2010/08/06 18:36:23 net: Direct
2010/08/06 18:36:27 site: http://mirrors.kernel.org/sourceware/cygwin/
2010/08/06 18:37:35 Adding required dependency libdb4.5: Selecting version 4.5.20.2-2 for installation.
2010/08/06 18:37:35 Adding required dependency libexpat1: Selecting version 2.0.1-1 for installation.
2010/08/06 18:37:35 Adding required dependency libgdbm4: Selecting version 1.8.3-20 for installation.
2010/08/06 18:37:42 Downloaded d:\cygwininstall/http%3a%2f%2fmirrors.kernel.org%2fsourceware%2fcygwin%2f/release/db/db4.5/libdb4.5/libdb4.5-4.5.20.2-2.tar.bz2
2010/08/06 18:37:43 Downloaded d:\cygwininstall/http%3a%2f%2fmirrors.kernel.org%2fsourceware%2fcygwin%2f/release/expat/libexpat1/libexpat1-2.0.1-1.tar.bz2
2010/08/06 18:37:44 Downloaded d:\cygwininstall/http%3a%2f%2fmirrors.kernel.org%2fsourceware%2fcygwin%2f/release/gdbm/libgdbm4/libgdbm4-1.8.3-20.tar.bz2
2010/08/06 18:38:34 Downloaded d:\cygwininstall/http%3a%2f%2fmirrors.kernel.org%2fsourceware%2fcygwin%2f/release/perl/perl-5.10.1-3.tar.bz2
2010/08/06 18:38:36 Downloaded d:\cygwininstall/http%3a%2f%2fmirrors.kernel.org%2fsourceware%2fcygwin%2f/release/zlib/zlib-1.2.5-1.tar.bz2
2010/08/06 18:38:37 Downloaded d:\cygwininstall/http%3a%2f%2fmirrors.kernel.org%2fsourceware%2fcygwin%2f/release/zlib/zlib-devel/zlib-devel-1.2.5-1.tar.bz2
2010/08/06 18:38:39 Downloaded d:\cygwininstall/http%3a%2f%2fmirrors.kernel.org%2fsourceware%2fcygwin%2f/release/zlib/zlib0/zlib0-1.2.5-1.tar.bz2
2010/08/06 18:38:39 Downloaded d:\cygwininstall/http%3a%2f%2fmirrors.kernel.org%2fsourceware%2fcygwin%2f/release/_update-info-dir/_update-info-dir-00910-1.tar.bz2
2010/08/06 18:38:40 Running preremove script for  zlib
2010/08/06 18:38:40 Running preremove script for  zlib-devel
2010/08/06 18:38:40 Running preremove script for  zlib0
2010/08/06 18:38:40 Running preremove script for  _update-info-dir
2010/08/06 18:38:40 Uninstalling zlib
2010/08/06 18:38:40 Uninstalling zlib-devel
2010/08/06 18:38:40 Uninstalling zlib0
2010/08/06 18:38:40 Uninstalling _update-info-dir
2010/08/06 18:38:40 Extracting from file://d:\cygwininstall/http%3a%2f%2fmirrors.kernel.org%2fsourceware%2fcygwin%2f/release/db/db4.5/libdb4.5/libdb4.5-4.5.20.2-2.tar.bz2
2010/08/06 18:38:41 Extracting from file://d:\cygwininstall/http%3a%2f%2fmirrors.kernel.org%2fsourceware%2fcygwin%2f/release/expat/libexpat1/libexpat1-2.0.1-1.tar.bz2
2010/08/06 18:38:41 Extracting from file://d:\cygwininstall/http%3a%2f%2fmirrors.kernel.org%2fsourceware%2fcygwin%2f/release/gdbm/libgdbm4/libgdbm4-1.8.3-20.tar.bz2
2010/08/06 18:38:41 Extracting from file://d:\cygwininstall/http%3a%2f%2fmirrors.kernel.org%2fsourceware%2fcygwin%2f/release/perl/perl-5.10.1-3.tar.bz2
2010/08/06 18:39:06 Extracting from file://d:\cygwininstall/http%3a%2f%2fmirrors.kernel.org%2fsourceware%2fcygwin%2f/release/zlib/zlib-1.2.5-1.tar.bz2
2010/08/06 18:39:06 Extracting from file://d:\cygwininstall/http%3a%2f%2fmirrors.kernel.org%2fsourceware%2fcygwin%2f/release/zlib/zlib-devel/zlib-devel-1.2.5-1.tar.bz2
2010/08/06 18:39:06 Extracting from file://d:\cygwininstall/http%3a%2f%2fmirrors.kernel.org%2fsourceware%2fcygwin%2f/release/zlib/zlib0/zlib0-1.2.5-1.tar.bz2
2010/08/06 18:39:06 Extracting from file://d:\cygwininstall/http%3a%2f%2fmirrors.kernel.org%2fsourceware%2fcygwin%2f/release/_update-info-dir/_update-info-dir-00910-1.tar.bz2
2010/08/06 18:39:06 Changing gid back to original
2010/08/06 18:39:06 running: D:\cygwin\bin\bash.exe --norc --noprofile /etc/postinstall/update-info-dir.sh
2010/08/06 18:39:23 Changing gid to Administrators
2010/08/06 18:40:14 note: Installation Complete
2010/08/06 18:40:14 Ending cygwin install
